<?xml version="1.0" encoding="UTF-8"?>
<!-- Generated by org.testng.reporters.JUnitReportReporter -->
<testsuite hostname="DESKTOP-2QUM0C0" failures="0" tests="1" name="ui.LaunchApplication" time="10.106" errors="0" timestamp="2022-01-14T12:16:36 IST" skipped="0">
  <testcase classname="ui.LaunchApplication" name="launchApplicationBrowser" time="10.106"/>
  <system-out/>
</testsuite> <!-- ui.LaunchApplication -->
