<?xml version="1.0" encoding="UTF-8"?>
<!-- Generated by org.testng.reporters.JUnitReportReporter -->
<testsuite hostname="DESKTOP-2QUM0C0" failures="0" tests="2" name="HandleGroupTC" time="0.009" errors="0" timestamp="2022-01-13T10:42:12 IST" skipped="0">
  <testcase classname="HandleGroupTC" name="aTest1" time="0.008"/>
  <system-out/>
  <testcase classname="HandleGroupTC" name="bTest2" time="0.001"/>
  <system-out/>
</testsuite> <!-- HandleGroupTC -->
