<?xml version="1.0" encoding="UTF-8"?>
<!-- Generated by org.testng.reporters.JUnitReportReporter -->
<testsuite hostname="DESKTOP-2QUM0C0" failures="0" tests="12" name="ui.DataProviderDemo" time="0.021" errors="0" timestamp="2022-01-13T18:54:12 IST" skipped="0">
  <testcase classname="ui.DataProviderDemo" name="test" time="0.001"/>
  <system-out/>
  <testcase classname="ui.DataProviderDemo" name="test" time="0.001"/>
  <system-out/>
  <testcase classname="ui.DataProviderDemo" name="test1" time="0.002"/>
  <system-out/>
  <testcase classname="ui.DataProviderDemo" name="test2" time="0.001"/>
  <system-out/>
  <testcase classname="ui.DataProviderDemo" name="test" time="0.010"/>
  <system-out/>
  <testcase classname="ui.DataProviderDemo" name="test2" time="0.001"/>
  <system-out/>
  <testcase classname="ui.DataProviderDemo" name="test1" time="0.001"/>
  <system-out/>
  <testcase classname="ui.DataProviderDemo" name="test1" time="0.001"/>
  <system-out/>
  <testcase classname="ui.DataProviderDemo" name="test2" time="0.000"/>
  <system-out/>
  <testcase classname="ui.DataProviderDemo" name="test" time="0.001"/>
  <system-out/>
  <testcase classname="ui.DataProviderDemo" name="test1" time="0.001"/>
  <system-out/>
  <testcase classname="ui.DataProviderDemo" name="test2" time="0.001"/>
  <system-out/>
</testsuite> <!-- ui.DataProviderDemo -->
