<?xml version="1.0" encoding="UTF-8"?>
<!-- Generated by org.testng.reporters.JUnitReportReporter -->
<testsuite hostname="DESKTOP-2QUM0C0" failures="0" tests="4" name="ui.DataProviderTC" time="19.046" errors="0" timestamp="2022-01-13T18:09:10 IST" skipped="0">
  <testcase classname="ui.DataProviderTC" name="test1" time="2.789"/>
  <system-out/>
  <testcase classname="ui.DataProviderTC" name="test1" time="2.394"/>
  <system-out/>
  <testcase classname="ui.DataProviderTC" name="test1" time="7.819"/>
  <system-out/>
  <testcase classname="ui.DataProviderTC" name="test1" time="6.044"/>
  <system-out/>
</testsuite> <!-- ui.DataProviderTC -->
