<?xml version="1.0" encoding="UTF-8"?>
<!-- Generated by org.testng.reporters.JUnitReportReporter -->
<testsuite hostname="DESKTOP-2QUM0C0" failures="0" tests="8" name="ui.DataProviderDiffFile" time="0.020" errors="0" timestamp="2022-01-13T18:18:22 IST" skipped="0">
  <testcase classname="ui.DataProviderDiffFile" name="test" time="0.009"/>
  <system-out/>
  <testcase classname="ui.DataProviderDiffFile" name="test" time="0.002"/>
  <system-out/>
  <testcase classname="ui.DataProviderDiffFile" name="test1" time="0.002"/>
  <system-out/>
  <testcase classname="ui.DataProviderDiffFile" name="test1" time="0.002"/>
  <system-out/>
  <testcase classname="ui.DataProviderDiffFile" name="test" time="0.001"/>
  <system-out/>
  <testcase classname="ui.DataProviderDiffFile" name="test1" time="0.001"/>
  <system-out/>
  <testcase classname="ui.DataProviderDiffFile" name="test" time="0.001"/>
  <system-out/>
  <testcase classname="ui.DataProviderDiffFile" name="test1" time="0.002"/>
  <system-out/>
</testsuite> <!-- ui.DataProviderDiffFile -->
