<?xml version="1.0" encoding="UTF-8"?>
<!-- Generated by org.testng.reporters.JUnitReportReporter -->
<testsuite hostname="DESKTOP-2QUM0C0" failures="0" tests="2" name="ui.HandleGroupTC" time="0.007" errors="0" timestamp="2022-01-13T11:13:50 IST" skipped="0">
  <testcase classname="ui.HandleGroupTC" name="aTest1" time="0.006"/>
  <system-out/>
  <testcase classname="ui.HandleGroupTC" name="bTest2" time="0.001"/>
  <system-out/>
</testsuite> <!-- ui.HandleGroupTC -->
