<?xml version="1.0" encoding="UTF-8"?>
<!-- Generated by org.testng.reporters.JUnitReportReporter -->
<testsuite hostname="DESKTOP-2QUM0C0" failures="0" tests="2" name="ui.LogInTestNG" time="0.006" errors="0" timestamp="2022-01-13T11:13:16 IST" skipped="0">
  <testcase classname="ui.LogInTestNG" name="LoginTest" time="0.005"/>
  <system-out/>
  <testcase classname="ui.LogInTestNG" name="LogoutTest" time="0.001"/>
  <system-out/>
</testsuite> <!-- ui.LogInTestNG -->
