<?xml version="1.0" encoding="UTF-8"?>
<!-- Generated by org.testng.reporters.JUnitReportReporter -->
<testsuite hostname="DESKTOP-2QUM0C0" failures="0" tests="4" name="ui.GroupDemoTest" time="0.017" errors="0" timestamp="2022-05-24T10:48:32 IST" skipped="0">
  <testcase classname="ui.GroupDemoTest" name="cTest3" time="0.011"/>
  <system-out/>
  <testcase classname="ui.GroupDemoTest" name="dTest4" time="0.002"/>
  <system-out/>
  <testcase classname="ui.GroupDemoTest" name="aTest1" time="0.002"/>
  <system-out/>
  <testcase classname="ui.GroupDemoTest" name="bTest2" time="0.002"/>
  <system-out/>
</testsuite> <!-- ui.GroupDemoTest -->
