<?xml version="1.0" encoding="UTF-8"?>
<!-- Generated by org.testng.reporters.JUnitReportReporter -->
<testsuite hostname="DESKTOP-2QUM0C0" failures="0" tests="1" name="ui.VerifyTitleAssertionTest" time="3.427" errors="0" timestamp="2022-01-13T11:13:16 IST" skipped="0">
  <testcase classname="ui.VerifyTitleAssertionTest" name="titletest" time="3.427"/>
  <system-out/>
</testsuite> <!-- ui.VerifyTitleAssertionTest -->
