<?xml version="1.0" encoding="UTF-8"?>
<!-- Generated by org.testng.reporters.JUnitReportReporter -->
<testsuite hostname="DESKTOP-2QUM0C0" failures="0" tests="1" name="AssertionsTest" time="9.136" errors="0" timestamp="2022-01-06T11:53:13 IST" skipped="0">
  <testcase classname="AssertionsTest" name="titletest" time="9.136"/>
  <system-out/>
</testsuite> <!-- AssertionsTest -->
