<?xml version="1.0" encoding="UTF-8"?>
<!-- Generated by org.testng.reporters.JUnitReportReporter -->
<testsuite hostname="DESKTOP-2QUM0C0" failures="0" tests="1" name="VerifyTitle_TextAssertion" time="5.471" errors="0" timestamp="2022-01-07T10:46:19 IST" skipped="0">
  <testcase classname="VerifyTitle_TextAssertion" name="titletest" time="5.471"/>
  <system-out/>
</testsuite> <!-- VerifyTitle_TextAssertion -->
