<?xml version="1.0" encoding="UTF-8"?>
<!-- Generated by org.testng.reporters.JUnitReportReporter -->
<testsuite hostname="DESKTOP-2QUM0C0" failures="0" tests="2" name="LogInTestNG" time="0.009" errors="0" timestamp="2022-01-06T10:00:51 IST" skipped="0">
  <testcase classname="LogInTestNG" name="LoginTest" time="0.007"/>
  <system-out/>
  <testcase classname="LogInTestNG" name="LogoutTest" time="0.002"/>
  <system-out/>
</testsuite> <!-- LogInTestNG -->
